<?xml version="1.0" encoding="UTF-8"?>
<!-- Generated by org.testng.reporters.JUnitReportReporter -->
<testsuite skipped="0" hostname="DESKTOP-VIEUU3U" name="org.TestNgEx2.UpdateManager" tests="2" failures="0" timestamp="2022-01-26T23:00:43 IST" time="0.002" errors="0">
  <testcase name="CreateUser" time="0.001" classname="org.TestNgEx2.UpdateManager"/>
  <system-out/>
  <testcase name="UpdateUser" time="0.001" classname="org.TestNgEx2.UpdateManager"/>
  <system-out/>
</testsuite> <!-- org.TestNgEx2.UpdateManager -->
