<?xml version="1.0" encoding="UTF-8"?>
<!-- Generated by org.testng.reporters.JUnitReportReporter -->
<testsuite skipped="0" hostname="DESKTOP-VIEUU3U" name="org.TestNgEx.PriorityEx1" tests="5" failures="0" timestamp="2022-01-26T10:42:26 IST" time="0.013" errors="0">
  <testcase name="login" time="0.008" classname="org.TestNgEx.PriorityEx1"/>
  <system-out/>
  <testcase name="deletedustomer" time="0.001" classname="org.TestNgEx.PriorityEx1"/>
  <system-out/>
  <testcase name="CreateCustomer" time="0.001" classname="org.TestNgEx.PriorityEx1"/>
  <system-out/>
  <testcase name="createcustomer" time="0.001" classname="org.TestNgEx.PriorityEx1"/>
  <system-out/>
  <testcase name="DeleteCustomer" time="0.002" classname="org.TestNgEx.PriorityEx1"/>
  <system-out/>
</testsuite> <!-- org.TestNgEx.PriorityEx1 -->
