<?xml version="1.0" encoding="UTF-8"?>
<!-- Generated by org.testng.reporters.JUnitReportReporter -->
<testsuite skipped="0" hostname="DESKTOP-VIEUU3U" name="org.TestNgEx2.InvocationCountEx1" tests="3" failures="0" timestamp="2022-01-27T00:11:36 IST" time="19.591" errors="0">
  <testcase name="test1" time="4.774" classname="org.TestNgEx2.InvocationCountEx1"/>
  <system-out/>
  <testcase name="test1" time="7.712" classname="org.TestNgEx2.InvocationCountEx1"/>
  <system-out/>
  <testcase name="test1" time="7.105" classname="org.TestNgEx2.InvocationCountEx1"/>
  <system-out/>
</testsuite> <!-- org.TestNgEx2.InvocationCountEx1 -->
