<?xml version="1.0" encoding="UTF-8"?>
<!-- Generated by org.testng.reporters.JUnitReportReporter -->
<testsuite skipped="0" hostname="DESKTOP-VIEUU3U" name="org.TestNgEx.AnnotationEx2" tests="1" failures="0" timestamp="2022-01-26T12:09:07 IST" time="1.588" errors="0">
  <testcase name="testMethod1" time="1.588" classname="org.TestNgEx.AnnotationEx2"/>
  <system-out/>
</testsuite> <!-- org.TestNgEx.AnnotationEx2 -->
