<?xml version="1.0" encoding="UTF-8"?>
<!-- Generated by org.testng.reporters.JUnitReportReporter -->
<testsuite skipped="0" hostname="DESKTOP-VIEUU3U" name="org.TestNgEx2.AccountManager2" tests="2" failures="0" timestamp="2022-01-27T00:11:36 IST" time="0.004" errors="0">
  <testcase name="CreateAccount" time="0.002" classname="org.TestNgEx2.AccountManager2"/>
  <system-out/>
  <testcase name="UpdateAccount" time="0.002" classname="org.TestNgEx2.AccountManager2"/>
  <system-out/>
</testsuite> <!-- org.TestNgEx2.AccountManager2 -->
