<?xml version="1.0" encoding="UTF-8"?>
<!-- Generated by org.testng.reporters.JUnitReportReporter -->
<testsuite skipped="0" hostname="DESKTOP-VIEUU3U" name="org.TestNgEx2.AccountManager" tests="2" failures="0" timestamp="2022-01-27T00:17:24 IST" time="0.006" errors="0">
  <testcase name="UpdateAccount" time="0.001" classname="org.TestNgEx2.AccountManager"/>
  <system-out>
    <![CDATA[Update Account]]>
  </system-out>
  <testcase name="CreateAccount" time="0.005" classname="org.TestNgEx2.AccountManager"/>
  <system-out>
    <![CDATA[Create Account]]>
  </system-out>
</testsuite> <!-- org.TestNgEx2.AccountManager -->
