<?xml version="1.0" encoding="UTF-8"?>
<!-- Generated by org.testng.reporters.JUnitReportReporter -->
<testsuite skipped="0" hostname="DESKTOP-VIEUU3U" name="org.TestNgEx.AssciiSequenceEx" tests="5" failures="0" timestamp="2022-01-25T23:44:47 IST" time="0.010" errors="0">
  <testcase name="login" time="0.001" classname="org.TestNgEx.AssciiSequenceEx"/>
  <system-out/>
  <testcase name="createcustomer" time="0.001" classname="org.TestNgEx.AssciiSequenceEx"/>
  <system-out/>
  <testcase name="deletedustomer" time="0.001" classname="org.TestNgEx.AssciiSequenceEx"/>
  <system-out/>
  <testcase name="DeleteCustomer" time="0.001" classname="org.TestNgEx.AssciiSequenceEx"/>
  <system-out/>
  <testcase name="CreateCustomer" time="0.006" classname="org.TestNgEx.AssciiSequenceEx"/>
  <system-out/>
</testsuite> <!-- org.TestNgEx.AssciiSequenceEx -->
