<?xml version="1.0" encoding="UTF-8"?>
<!-- Generated by org.testng.reporters.JUnitReportReporter -->
<testsuite skipped="0" hostname="DESKTOP-VIEUU3U" name="org.TestNgEx2.ParallelMthod" tests="2" failures="0" timestamp="2022-01-27T00:11:36 IST" time="9.637" errors="0">
  <testcase name="test1" time="3.739" classname="org.TestNgEx2.ParallelMthod"/>
  <system-out/>
  <testcase name="test2" time="5.898" classname="org.TestNgEx2.ParallelMthod"/>
  <system-out/>
</testsuite> <!-- org.TestNgEx2.ParallelMthod -->
