<?xml version="1.0" encoding="UTF-8"?>
<!-- Generated by org.testng.reporters.JUnitReportReporter -->
<testsuite skipped="0" hostname="DESKTOP-VIEUU3U" name="org.TestNgEx.AnnotationEx1" tests="2" failures="0" timestamp="2022-01-26T13:28:12 IST" time="0.008" errors="0">
  <testcase name="testMethod2" time="0.001" classname="org.TestNgEx.AnnotationEx1"/>
  <system-out/>
  <testcase name="testMethod1" time="0.007" classname="org.TestNgEx.AnnotationEx1"/>
  <system-out/>
</testsuite> <!-- org.TestNgEx.AnnotationEx1 -->
