<?xml version="1.0" encoding="UTF-8"?>
<!-- Generated by org.testng.reporters.JUnitReportReporter -->
<testsuite skipped="0" hostname="DESKTOP-VIEUU3U" name="org.TestNgEx.BeforeClassEx" tests="1" failures="0" timestamp="2022-01-26T12:35:12 IST" time="1.499" errors="0">
  <testcase name="testMethod1" time="1.499" classname="org.TestNgEx.BeforeClassEx"/>
  <system-out/>
</testsuite> <!-- org.TestNgEx.BeforeClassEx -->
